c:\gameengine\gameenginecourse\unstableengine\unstableengine\x64\debug\vc143.pdb
c:\gameengine\gameenginecourse\unstableengine\unstableengine\x64\debug\vc143.idb
c:\gameengine\gameenginecourse\unstableengine\unstableengine\x64\debug\glm.obj
c:\gameengine\gameenginecourse\unstableengine\unstableengine\x64\debug\imgui_demo.obj
c:\gameengine\gameenginecourse\unstableengine\unstableengine\x64\debug\imgui.obj
c:\gameengine\gameenginecourse\unstableengine\unstableengine\x64\debug\binary_to_compressed_c.obj
c:\gameengine\gameenginecourse\unstableengine\unstableengine\x64\debug\imgui_widgets.obj
c:\gameengine\gameenginecourse\unstableengine\unstableengine\x64\debug\imgui_tables.obj
c:\gameengine\gameenginecourse\unstableengine\unstableengine\x64\debug\imgui_draw.obj
c:\gameengine\gameenginecourse\unstableengine\unstableengine\x64\debug\main.obj
c:\gameengine\gameenginecourse\unstableengine\unstableengine\x64\debug\imgui_stdlib.obj
c:\gameengine\gameenginecourse\unstableengine\unstableengine\x64\debug\imgui_impl_win32.obj
c:\gameengine\gameenginecourse\unstableengine\unstableengine\x64\debug\imgui_impl_opengl3.obj
c:\gameengine\gameenginecourse\unstableengine\unstableengine\x64\debug\imgui_impl_glfw.obj
c:\gameengine\gameenginecourse\unstableengine\unstableengine\x64\debug\glad.obj
c:\gameengine\gameenginecourse\unstableengine\unstableengine\x64\debug\darkmode.obj
c:\gameengine\gameenginecourse\unstableengine\x64\debug\unstableengine.exe
c:\gameengine\gameenginecourse\unstableengine\x64\debug\unstableengine.pdb
c:\gameengine\gameenginecourse\unstableengine\unstableengine\x64\debug\unstableengine.ilk
c:\gameengine\gameenginecourse\unstableengine\unstableengine\x64\debug\unstableengine.tlog\cl.command.1.tlog
c:\gameengine\gameenginecourse\unstableengine\unstableengine\x64\debug\unstableengine.tlog\cl.items.tlog
c:\gameengine\gameenginecourse\unstableengine\unstableengine\x64\debug\unstableengine.tlog\cl.read.1.tlog
c:\gameengine\gameenginecourse\unstableengine\unstableengine\x64\debug\unstableengine.tlog\cl.write.1.tlog
c:\gameengine\gameenginecourse\unstableengine\unstableengine\x64\debug\unstableengine.tlog\link-cvtres.read.1.tlog
c:\gameengine\gameenginecourse\unstableengine\unstableengine\x64\debug\unstableengine.tlog\link-cvtres.write.1.tlog
c:\gameengine\gameenginecourse\unstableengine\unstableengine\x64\debug\unstableengine.tlog\link-rc.read.1.tlog
c:\gameengine\gameenginecourse\unstableengine\unstableengine\x64\debug\unstableengine.tlog\link-rc.write.1.tlog
c:\gameengine\gameenginecourse\unstableengine\unstableengine\x64\debug\unstableengine.tlog\link.41296-cvtres.read.1.tlog
c:\gameengine\gameenginecourse\unstableengine\unstableengine\x64\debug\unstableengine.tlog\link.41296-cvtres.write.1.tlog
c:\gameengine\gameenginecourse\unstableengine\unstableengine\x64\debug\unstableengine.tlog\link.41296-rc.read.1.tlog
c:\gameengine\gameenginecourse\unstableengine\unstableengine\x64\debug\unstableengine.tlog\link.41296-rc.write.1.tlog
c:\gameengine\gameenginecourse\unstableengine\unstableengine\x64\debug\unstableengine.tlog\link.41296.read.1.tlog
c:\gameengine\gameenginecourse\unstableengine\unstableengine\x64\debug\unstableengine.tlog\link.41296.read.2.tlog
c:\gameengine\gameenginecourse\unstableengine\unstableengine\x64\debug\unstableengine.tlog\link.41296.read.3.tlog
c:\gameengine\gameenginecourse\unstableengine\unstableengine\x64\debug\unstableengine.tlog\link.41296.read.4.tlog
c:\gameengine\gameenginecourse\unstableengine\unstableengine\x64\debug\unstableengine.tlog\link.41296.write.1.tlog
c:\gameengine\gameenginecourse\unstableengine\unstableengine\x64\debug\unstableengine.tlog\link.command.1.tlog
c:\gameengine\gameenginecourse\unstableengine\unstableengine\x64\debug\unstableengine.tlog\link.read.1.tlog
c:\gameengine\gameenginecourse\unstableengine\unstableengine\x64\debug\unstableengine.tlog\link.read.2.tlog
c:\gameengine\gameenginecourse\unstableengine\unstableengine\x64\debug\unstableengine.tlog\link.read.3.tlog
c:\gameengine\gameenginecourse\unstableengine\unstableengine\x64\debug\unstableengine.tlog\link.read.4.tlog
c:\gameengine\gameenginecourse\unstableengine\unstableengine\x64\debug\unstableengine.tlog\link.secondary.1.tlog
c:\gameengine\gameenginecourse\unstableengine\unstableengine\x64\debug\unstableengine.tlog\link.write.1.tlog
